<?xml version="1.0" encoding="UTF-8"?>
<!-- Generated by org.testng.reporters.JUnitReportReporter -->
<testsuite hostname="DESKTOP-62LHFOR" failures="0" tests="4" name="Runners.runTest" time="11.592" errors="0" timestamp="2025-01-14T19:14:31 IST" skipped="0">
  <testcase classname="Runners.runTest" name="runScenario" time="5.197"/>
  <system-out/>
  <testcase classname="Runners.runTest" name="runScenario" time="0.878"/>
  <system-out/>
  <testcase classname="Runners.runTest" name="runScenario" time="4.913"/>
  <system-out/>
  <testcase classname="Runners.runTest" name="runScenario" time="0.604"/>
  <system-out/>
</testsuite> <!-- Runners.runTest -->
